api/build/intermediates/manifest_merge_blame_file/debug/manifest-merger-blame-debug-report.txt
1<?xml version="1.0" encoding="utf-8"?>
2<manifest xmlns:android="http://schemas.android.com/apk/res/android"
3    package="com.battlelancer.seriesguide.api" >
4
5    <uses-sdk
6        android:minSdkVersion="21"
6-->src/main/AndroidManifest.xml
7        android:targetSdkVersion="31" />
7-->src/main/AndroidManifest.xml
8
9    <!-- JobIntentService manages wake lock on its own pre-O -->
10    <uses-permission
10-->src/main/AndroidManifest.xml:4:5-95
11        android:name="android.permission.WAKE_LOCK"
11-->src/main/AndroidManifest.xml:4:22-65
12        android:maxSdkVersion="25" />
12-->src/main/AndroidManifest.xml:4:66-92
13
14    <application>
14-->src/main/AndroidManifest.xml:6:5-7:19
15    </application>
16
17</manifest>